[2020-10-04T10:21:53.742] [INFO] access - ::1 - - "GET /account HTTP/1.1" 200 1634 "http://localhost:3000/search?keyword=%E3%81%AE" "Mozilla/5.0 (Macintosh; Intel Mac OS X 10_14_6) AppleWebKit/537.36 (KHTML, like Gecko) Chrome/85.0.4183.121 Safari/537.36"
[2020-10-04T10:21:58.344] [INFO] access - ::1 - - "GET /search HTTP/1.1" 200 2486 "http://localhost:3000/account" "Mozilla/5.0 (Macintosh; Intel Mac OS X 10_14_6) AppleWebKit/537.36 (KHTML, like Gecko) Chrome/85.0.4183.121 Safari/537.36"
[2020-10-04T10:21:59.502] [WARN] access - ::1 - - "GET /account HTTP/1.1" 304 - "http://localhost:3000/search" "Mozilla/5.0 (Macintosh; Intel Mac OS X 10_14_6) AppleWebKit/537.36 (KHTML, like Gecko) Chrome/85.0.4183.121 Safari/537.36"
[2020-10-04T10:22:00.386] [WARN] access - ::1 - - "GET / HTTP/1.1" 304 - "http://localhost:3000/account" "Mozilla/5.0 (Macintosh; Intel Mac OS X 10_14_6) AppleWebKit/537.36 (KHTML, like Gecko) Chrome/85.0.4183.121 Safari/537.36"
[2020-10-04T10:22:06.657] [WARN] access - ::1 - - "GET /account HTTP/1.1" 304 - "http://localhost:3000/" "Mozilla/5.0 (Macintosh; Intel Mac OS X 10_14_6) AppleWebKit/537.36 (KHTML, like Gecko) Chrome/85.0.4183.121 Safari/537.36"
[2020-10-04T10:22:30.957] [INFO] access - ::1 - - "GET /account HTTP/1.1" 200 1641 "http://localhost:3000/" "Mozilla/5.0 (Macintosh; Intel Mac OS X 10_14_6) AppleWebKit/537.36 (KHTML, like Gecko) Chrome/85.0.4183.121 Safari/537.36"
[2020-10-04T10:22:32.575] [ERROR] access - ::1 - - "GET /account/regist HTTP/1.1" 404 153 "http://localhost:3000/account" "Mozilla/5.0 (Macintosh; Intel Mac OS X 10_14_6) AppleWebKit/537.36 (KHTML, like Gecko) Chrome/85.0.4183.121 Safari/537.36"
[2020-10-04T10:22:51.930] [ERROR] access - ::1 - - "GET /account/regist HTTP/1.1" 404 153 "http://localhost:3000/account" "Mozilla/5.0 (Macintosh; Intel Mac OS X 10_14_6) AppleWebKit/537.36 (KHTML, like Gecko) Chrome/85.0.4183.121 Safari/537.36"
[2020-10-04T10:22:56.174] [ERROR] access - ::1 - - "GET /account/regist HTTP/1.1" 404 153 "http://localhost:3000/account" "Mozilla/5.0 (Macintosh; Intel Mac OS X 10_14_6) AppleWebKit/537.36 (KHTML, like Gecko) Chrome/85.0.4183.121 Safari/537.36"
[2020-10-04T10:23:08.752] [INFO] access - ::1 - - "GET /account HTTP/1.1" 200 1647 "http://localhost:3000/" "Mozilla/5.0 (Macintosh; Intel Mac OS X 10_14_6) AppleWebKit/537.36 (KHTML, like Gecko) Chrome/85.0.4183.121 Safari/537.36"
[2020-10-04T10:23:11.316] [INFO] access - ::1 - - "GET /account/posts/regist HTTP/1.1" 200 2845 "http://localhost:3000/account" "Mozilla/5.0 (Macintosh; Intel Mac OS X 10_14_6) AppleWebKit/537.36 (KHTML, like Gecko) Chrome/85.0.4183.121 Safari/537.36"
[2020-10-04T10:28:26.032] [ERROR] access - ::1 - - "POST /account/posts/regist/confirm HTTP/1.1" 404 168 "http://localhost:3000/account/posts/regist" "Mozilla/5.0 (Macintosh; Intel Mac OS X 10_14_6) AppleWebKit/537.36 (KHTML, like Gecko) Chrome/85.0.4183.121 Safari/537.36"
[2020-10-04T10:28:37.655] [ERROR] access - ::1 - - "POST /account/posts/regist/confirm HTTP/1.1" 404 168 "" "PostmanRuntime/7.26.5"
[2020-10-04T10:29:05.956] [ERROR] access - ::1 - - "POST /account/posts/regist/confirm HTTP/1.1" 404 168 "http://localhost:3000/account/posts/regist" "Mozilla/5.0 (Macintosh; Intel Mac OS X 10_14_6) AppleWebKit/537.36 (KHTML, like Gecko) Chrome/85.0.4183.121 Safari/537.36"
[2020-10-04T10:29:09.241] [ERROR] access - ::1 - - "POST /account/posts/regist/confirm HTTP/1.1" 404 168 "" "PostmanRuntime/7.26.5"
[2020-10-04T10:30:23.661] [ERROR] access - ::1 - - "POST /account/posts/regist/confirm HTTP/1.1" 404 168 "" "PostmanRuntime/7.26.5"
[2020-10-04T10:31:08.946] [ERROR] access - ::1 - - "POST /account/posts/regist/confirm HTTP/1.1" 404 168 "http://localhost:3000/account/posts/regist" "Mozilla/5.0 (Macintosh; Intel Mac OS X 10_14_6) AppleWebKit/537.36 (KHTML, like Gecko) Chrome/85.0.4183.121 Safari/537.36"
[2020-10-04T10:31:12.929] [ERROR] access - ::1 - - "POST /account/posts/regist/confirm HTTP/1.1" 404 168 "" "PostmanRuntime/7.26.5"
[2020-10-04T10:32:43.222] [INFO] access - ::1 - - "GET /account/posts/regist HTTP/1.1" 200 2845 "http://localhost:3000/account" "Mozilla/5.0 (Macintosh; Intel Mac OS X 10_14_6) AppleWebKit/537.36 (KHTML, like Gecko) Chrome/85.0.4183.121 Safari/537.36"
[2020-10-04T10:32:48.098] [ERROR] access - ::1 - - "POST /account/posts/regist/confirm HTTP/1.1" 404 168 "http://localhost:3000/account/posts/regist" "Mozilla/5.0 (Macintosh; Intel Mac OS X 10_14_6) AppleWebKit/537.36 (KHTML, like Gecko) Chrome/85.0.4183.121 Safari/537.36"
[2020-10-04T10:33:07.024] [ERROR] access - ::1 - - "POST /account/posts/regist/confirm HTTP/1.1" 404 168 "" "PostmanRuntime/7.26.5"
[2020-10-04T10:33:13.630] [ERROR] access - ::1 - - "GET /account/posts/regist/confirm HTTP/1.1" 404 167 "" "PostmanRuntime/7.26.5"
[2020-10-04T10:33:36.497] [ERROR] access - ::1 - - "POST /account/posts/regist/confirm HTTP/1.1" 404 168 "" "PostmanRuntime/7.26.5"
[2020-10-04T10:35:13.007] [ERROR] access - ::1 - - "POST /account/posts/regist/confirm HTTP/1.1" 404 168 "" "PostmanRuntime/7.26.5"
[2020-10-04T10:35:38.667] [ERROR] access - ::1 - - "POST /account/posts/regist/confirm HTTP/1.1" 404 168 "" "PostmanRuntime/7.26.5"
[2020-10-04T10:36:02.382] [ERROR] access - ::1 - - "POST /account/posts/regist/confirm HTTP/1.1" 404 168 "" "PostmanRuntime/7.26.5"
